<?xml version="1.0" encoding="UTF-8"?>
<!-- Generated by org.testng.reporters.JUnitReportReporter -->
<testsuite hostname="SHREE" failures="0" tests="1" name="POJO_21.Employee_SerializationAndDeserialization" time="4.111" errors="0" timestamp="2024-10-08T14:16:28 IST" skipped="0">
  <testcase classname="POJO_21.Employee_SerializationAndDeserialization" name="CreateJSONObjectFromEmployeeClassObject" time="4.111"/>
  <system-out/>
</testsuite> <!-- POJO_21.Employee_SerializationAndDeserialization -->
