<?xml version="1.0" encoding="UTF-8"?>
<!-- Generated by org.testng.reporters.JUnitReportReporter -->
<testsuite hostname="SHREE" failures="0" tests="1" name="RestApiPractice.FirstGetRequest" time="2.912" errors="0" timestamp="2024-10-01T12:46:10 IST" skipped="0">
  <testcase classname="RestApiPractice.FirstGetRequest" name="getFirstRequest" time="2.912"/>
  <system-out/>
</testsuite> <!-- RestApiPractice.FirstGetRequest -->
