<?xml version="1.0" encoding="UTF-8"?>
<!-- Generated by org.testng.reporters.JUnitReportReporter -->
<testsuite hostname="SHREE" failures="0" tests="2" name="JsonObjecUsingJavaMap15.JsonObjecUsingJavaMap" time="3.740" errors="0" timestamp="2024-10-08T11:09:05 IST" skipped="1">
  <testcase classname="JsonObjecUsingJavaMap15.JsonObjecUsingJavaMap" name="createUser" time="3.740"/>
  <system-out/>
  <testcase classname="JsonObjecUsingJavaMap15.JsonObjecUsingJavaMap" name="createAuthToken">
    <skipped/>
  </testcase> <!-- createAuthToken -->
  <system-out/>
</testsuite> <!-- JsonObjecUsingJavaMap15.JsonObjecUsingJavaMap -->
