<?xml version="1.0" encoding="UTF-8"?>
<!-- Generated by org.testng.reporters.JUnitReportReporter -->
<testsuite hostname="SHREE" failures="0" tests="2" name="TestMethods03.Test_GetMethod" time="3.517" errors="0" timestamp="2024-10-04T11:31:03 IST" skipped="0">
  <testcase classname="TestMethods03.Test_GetMethod" name="testGet01" time="3.051"/>
  <system-out/>
  <testcase classname="TestMethods03.Test_GetMethod" name="testGet02" time="0.466"/>
  <system-out/>
</testsuite> <!-- TestMethods03.Test_GetMethod -->
