<?xml version="1.0" encoding="UTF-8"?>
<!-- Generated by org.testng.reporters.JUnitReportReporter -->
<testsuite hostname="SHREE" failures="0" tests="1" name="TestMethods03.Test_PostMethod" time="3.436" errors="0" timestamp="2024-10-04T11:42:38 IST" skipped="0">
  <testcase classname="TestMethods03.Test_PostMethod" name="testPost03" time="3.436"/>
  <system-out/>
</testsuite> <!-- TestMethods03.Test_PostMethod -->
