<?xml version="1.0" encoding="UTF-8"?>
<!-- Generated by org.testng.reporters.JUnitReportReporter -->
<testsuite hostname="SHREE" failures="0" tests="1" name="ValidateJsonResponseBody06.ValidateJsonResponseBody" time="4.262" errors="0" timestamp="2024-10-04T13:29:13 IST" skipped="0">
  <testcase classname="ValidateJsonResponseBody06.ValidateJsonResponseBody" name="testUserListResponseBody" time="4.262"/>
  <system-out/>
</testsuite> <!-- ValidateJsonResponseBody06.ValidateJsonResponseBody -->
