<?xml version="1.0" encoding="UTF-8"?>
<!-- Generated by org.testng.reporters.JUnitReportReporter -->
<testsuite hostname="SHREE" failures="0" tests="1" name="TestMethods03.Test_PatchMethod" time="3.008" errors="0" timestamp="2024-10-04T09:46:09 IST" skipped="0">
  <testcase classname="TestMethods03.Test_PatchMethod" name="test05" time="3.008"/>
  <system-out/>
</testsuite> <!-- TestMethods03.Test_PatchMethod -->
