<?xml version="1.0" encoding="UTF-8"?>
<!-- Generated by org.testng.reporters.JUnitReportReporter -->
<testsuite hostname="SHREE" failures="0" tests="1" name="IgnoreUnknownProperties26.DemoIgnoreProperties" time="0.388" errors="0" timestamp="2024-10-08T17:02:11 IST" skipped="0">
  <testcase classname="IgnoreUnknownProperties26.DemoIgnoreProperties" name="test1" time="0.388"/>
  <system-out/>
</testsuite> <!-- IgnoreUnknownProperties26.DemoIgnoreProperties -->
