<?xml version="1.0" encoding="UTF-8"?>
<!-- Generated by org.testng.reporters.JUnitReportReporter -->
<testsuite hostname="SHREE" failures="0" tests="2" name="JSONArrayUsingJsonObject_List16.JSONArrayUsingJsonObject_List" time="3.575" errors="0" timestamp="2024-10-08T11:42:11 IST" skipped="1">
  <testcase classname="JSONArrayUsingJsonObject_List16.JSONArrayUsingJsonObject_List" name="CreateJSonArrayUsingList" time="3.575"/>
  <system-out/>
  <testcase classname="JSONArrayUsingJsonObject_List16.JSONArrayUsingJsonObject_List" name="createUserUsingJSONArray">
    <skipped/>
  </testcase> <!-- createUserUsingJSONArray -->
  <system-out/>
</testsuite> <!-- JSONArrayUsingJsonObject_List16.JSONArrayUsingJsonObject_List -->
