<?xml version="1.0" encoding="UTF-8"?>
<!-- Generated by org.testng.reporters.JUnitReportReporter -->
<testsuite hostname="SHREE" failures="0" tests="1" name="Serialization_DeserializationJSon12.DeserializationJSonDemo" time="3.152" errors="0" timestamp="2024-10-07T15:57:09 IST" skipped="0">
  <testcase classname="Serialization_DeserializationJSon12.DeserializationJSonDemo" name="createUser" time="3.152"/>
  <system-out/>
</testsuite> <!-- Serialization_DeserializationJSon12.DeserializationJSonDemo -->
