<?xml version="1.0" encoding="UTF-8"?>
<!-- Generated by org.testng.reporters.JUnitReportReporter -->
<testsuite hostname="SHREE" failures="0" tests="3" name="HttpResponse04.CheckForValidResponse" time="2.991" errors="0" timestamp="2024-10-04T11:56:40 IST" skipped="2">
  <testcase classname="HttpResponse04.CheckForValidResponse" name="GetSingleUser_BDDStyle" time="2.991"/>
  <system-out/>
  <testcase classname="HttpResponse04.CheckForValidResponse" name="GetSingleUser">
    <skipped/>
  </testcase> <!-- GetSingleUser -->
  <system-out/>
  <testcase classname="HttpResponse04.CheckForValidResponse" name="GetSingleUserUsingValidatableResponse">
    <skipped/>
  </testcase> <!-- GetSingleUserUsingValidatableResponse -->
  <system-out/>
</testsuite> <!-- HttpResponse04.CheckForValidResponse -->
