<?xml version="1.0" encoding="UTF-8"?>
<!-- Generated by org.testng.reporters.JUnitReportReporter -->
<testsuite hostname="SHREE" failures="0" tests="1" name="IgnoreFieldsFromPOJO25.DemoJSONIgnoreFields" time="0.487" errors="0" timestamp="2024-10-08T16:50:51 IST" skipped="0">
  <testcase classname="IgnoreFieldsFromPOJO25.DemoJSONIgnoreFields" name="testMethod1" time="0.487"/>
  <system-out/>
</testsuite> <!-- IgnoreFieldsFromPOJO25.DemoJSONIgnoreFields -->
