<?xml version="1.0" encoding="UTF-8"?>
<!-- Generated by org.testng.reporters.JUnitReportReporter -->
<testsuite hostname="SHREE" failures="0" tests="1" name="Authorization_BearerToken09.Authorization_BearerToken" time="3.609" errors="0" timestamp="2024-10-04T16:51:44 IST" skipped="0">
  <testcase classname="Authorization_BearerToken09.Authorization_BearerToken" name="BearerToken" time="3.609"/>
  <system-out/>
</testsuite> <!-- Authorization_BearerToken09.Authorization_BearerToken -->
