<?xml version="1.0" encoding="UTF-8"?>
<!-- Generated by org.testng.reporters.JUnitReportReporter -->
<testsuite hostname="SHREE" failures="0" tests="2" name="ResponseSpecification29.DemoResponseSpec" time="7.648" errors="0" timestamp="2024-10-08T17:41:07 IST" skipped="0">
  <testcase classname="ResponseSpecification29.DemoResponseSpec" name="getBookingByFirstName" time="1.525"/>
  <system-out/>
  <testcase classname="ResponseSpecification29.DemoResponseSpec" name="getAllBookingIds" time="6.123"/>
  <system-out/>
</testsuite> <!-- ResponseSpecification29.DemoResponseSpec -->
