<?xml version="1.0" encoding="UTF-8"?>
<!-- Generated by org.testng.reporters.JUnitReportReporter -->
<testsuite hostname="SHREE" failures="0" tests="1" name="Retrive_QueryRequestSpecification13.Retrive_QueryRequestSpecification" time="0.850" errors="0" timestamp="2024-10-07T16:15:09 IST" skipped="0">
  <testcase classname="Retrive_QueryRequestSpecification13.Retrive_QueryRequestSpecification" name="createUser" time="0.850"/>
  <system-out/>
</testsuite> <!-- Retrive_QueryRequestSpecification13.Retrive_QueryRequestSpecification -->
