<?xml version="1.0" encoding="UTF-8"?>
<!-- Generated by org.testng.reporters.JUnitReportReporter -->
<testsuite hostname="SHREE" failures="0" tests="1" name="Authorization_APIKey10.Authorization_APIKey" time="3.287" errors="0" timestamp="2024-10-04T17:11:21 IST" skipped="0">
  <testcase classname="Authorization_APIKey10.Authorization_APIKey" name="GetWeatherDataByCity" time="3.287"/>
  <system-out/>
</testsuite> <!-- Authorization_APIKey10.Authorization_APIKey -->
