<?xml version="1.0" encoding="UTF-8"?>
<!-- Generated by org.testng.reporters.JUnitReportReporter -->
<testsuite hostname="SHREE" failures="0" tests="1" name="TestMethods03.Test_PutMethod" time="3.922" errors="0" timestamp="2024-10-04T09:48:58 IST" skipped="0">
  <testcase classname="TestMethods03.Test_PutMethod" name="test04" time="3.922"/>
  <system-out/>
</testsuite> <!-- TestMethods03.Test_PutMethod -->
