<?xml version="1.0" encoding="UTF-8"?>
<!-- Generated by org.testng.reporters.JUnitReportReporter -->
<testsuite hostname="SHREE" failures="0" tests="1" name="POJOClassForNestedJson22.NestedJSONPayload" time="4.144" errors="0" timestamp="2024-10-08T15:48:52 IST" skipped="0">
  <testcase classname="POJOClassForNestedJson22.NestedJSONPayload" name="createUser" time="4.144"/>
  <system-out/>
</testsuite> <!-- POJOClassForNestedJson22.NestedJSONPayload -->
