<?xml version="1.0" encoding="UTF-8"?>
<!-- Generated by org.testng.reporters.JUnitReportReporter -->
<testsuite hostname="SHREE" failures="0" tests="1" name="TestMethods03.Test_DeleteMethod" time="5.570" errors="0" timestamp="2024-10-04T09:55:48 IST" skipped="0">
  <testcase classname="TestMethods03.Test_DeleteMethod" name="test06" time="5.570"/>
  <system-out/>
</testsuite> <!-- TestMethods03.Test_DeleteMethod -->
