<?xml version="1.0" encoding="UTF-8"?>
<!-- Generated by org.testng.reporters.JUnitReportReporter -->
<testsuite hostname="SHREE" failures="0" tests="2" name="Mock_simulateJsonResponseEasily27.DemoTest" time="12.957" errors="0" timestamp="2024-10-08T17:28:44 IST" skipped="0">
  <testcase classname="Mock_simulateJsonResponseEasily27.DemoTest" name="test2" time="1.639"/>
  <system-out/>
  <testcase classname="Mock_simulateJsonResponseEasily27.DemoTest" name="test1" time="11.318"/>
  <system-out/>
</testsuite> <!-- Mock_simulateJsonResponseEasily27.DemoTest -->
