<?xml version="1.0" encoding="UTF-8"?>
<!-- Generated by org.testng.reporters.JUnitReportReporter -->
<testsuite hostname="SHREE" failures="0" tests="1" name="POJOClassForComplexNestedJson23.DemoTestComplexNestedJSONObject" time="3.082" errors="0" timestamp="2024-10-08T16:23:20 IST" skipped="0">
  <testcase classname="POJOClassForComplexNestedJson23.DemoTestComplexNestedJSONObject" name="createUser" time="3.082"/>
  <system-out/>
</testsuite> <!-- POJOClassForComplexNestedJson23.DemoTestComplexNestedJSONObject -->
