<?xml version="1.0" encoding="UTF-8"?>
<!-- Generated by org.testng.reporters.JUnitReportReporter -->
<testsuite hostname="SHREE" failures="0" tests="1" name="AddHeaderInRequest28.AddHeaderInRequestDemo" time="3.462" errors="0" timestamp="2024-10-08T17:33:10 IST" skipped="0">
  <testcase classname="AddHeaderInRequest28.AddHeaderInRequestDemo" name="testMethod1" time="3.462"/>
  <system-out/>
</testsuite> <!-- AddHeaderInRequest28.AddHeaderInRequestDemo -->
