<?xml version="1.0" encoding="UTF-8"?>
<!-- Generated by org.testng.reporters.JUnitReportReporter -->
<testsuite hostname="SHREE" failures="0" tests="1" name="IgnoringDefaultValues_jaksonAPI24.JsonInclude" time="0.386" errors="0" timestamp="2024-10-08T16:42:20 IST" skipped="0">
  <testcase classname="IgnoringDefaultValues_jaksonAPI24.JsonInclude" name="testMethod1" time="0.386"/>
  <system-out/>
</testsuite> <!-- IgnoringDefaultValues_jaksonAPI24.JsonInclude -->
