<?xml version="1.0" encoding="UTF-8"?>
<!-- Generated by org.testng.reporters.JUnitReportReporter -->
<testsuite hostname="SHREE" failures="0" tests="2" name="AuthorizationTyes08.Authorization" time="5.770" errors="0" timestamp="2024-10-04T16:21:10 IST" skipped="0">
  <testcase classname="AuthorizationTyes08.Authorization" name="testDigestAuth" time="1.049"/>
  <system-out/>
  <testcase classname="AuthorizationTyes08.Authorization" name="testBasicAuth" time="4.721"/>
  <system-out/>
</testsuite> <!-- AuthorizationTyes08.Authorization -->
