<?xml version="1.0" encoding="UTF-8"?>
<!-- Generated by org.testng.reporters.JUnitReportReporter -->
<testsuite hostname="SHREE" failures="0" tests="1" name="JSONObjectUsingJacksonAPI17.JSONObjectUsingJacksonAPI" time="5.249" errors="0" timestamp="2024-10-08T13:34:48 IST" skipped="0">
  <testcase classname="JSONObjectUsingJacksonAPI17.JSONObjectUsingJacksonAPI" name="CreateUser" time="5.249"/>
  <system-out/>
</testsuite> <!-- JSONObjectUsingJacksonAPI17.JSONObjectUsingJacksonAPI -->
