<?xml version="1.0" encoding="UTF-8"?>
<!-- Generated by org.testng.reporters.JUnitReportReporter -->
<testsuite hostname="SHREE" failures="0" tests="1" name="JSONArrayUsingJsonObject16.JSONArrayUsingJsonObject" time="3.748" errors="0" timestamp="2024-10-08T11:20:18 IST" skipped="0">
  <testcase classname="JSONArrayUsingJsonObject16.JSONArrayUsingJsonObject" name="createUserUsingJSONArray" time="3.748"/>
  <system-out/>
</testsuite> <!-- JSONArrayUsingJsonObject16.JSONArrayUsingJsonObject -->
