<?xml version="1.0" encoding="UTF-8"?>
<!-- Generated by org.testng.reporters.JUnitReportReporter -->
<testsuite hostname="SHREE" failures="0" tests="2" name="FileUpload.FileUpload" time="5.396" errors="0" timestamp="2024-10-08T13:57:43 IST" skipped="1">
  <testcase classname="FileUpload.FileUpload" name="uploadImage" time="5.396"/>
  <system-out/>
  <testcase classname="FileUpload.FileUpload" name="uploadFile">
    <skipped/>
  </testcase> <!-- uploadFile -->
  <system-out/>
</testsuite> <!-- FileUpload.FileUpload -->
